c:\users\vanin\documents\github\opensees\developer\element\cpp\macroelement3d\macroelement3d\x64\debug\vc141.pdb
c:\users\vanin\documents\github\opensees\developer\element\cpp\macroelement3d\macroelement3d\x64\debug\vc141.idb
c:\users\vanin\documents\github\opensees\developer\element\cpp\macroelement3d\macroelement3d\x64\debug\solutionalgorithm.obj
c:\users\vanin\documents\github\opensees\developer\element\cpp\macroelement3d\macroelement3d\x64\debug\sp_constraint.obj
c:\users\vanin\documents\github\opensees\developer\element\cpp\macroelement3d\macroelement3d\x64\debug\standardstream.obj
c:\users\vanin\documents\github\opensees\developer\element\cpp\macroelement3d\macroelement3d\x64\debug\staticintegrator.obj
c:\users\vanin\documents\github\opensees\developer\element\cpp\macroelement3d\macroelement3d\x64\debug\stringcontainer.obj
c:\users\vanin\documents\github\opensees\developer\element\cpp\macroelement3d\macroelement3d\x64\debug\subdomain.obj
c:\users\vanin\documents\github\opensees\developer\element\cpp\macroelement3d\macroelement3d\x64\debug\subdomainnoditer.obj
c:\users\vanin\documents\github\opensees\developer\element\cpp\macroelement3d\macroelement3d\x64\debug\taggedobject.obj
c:\users\vanin\documents\github\opensees\developer\element\cpp\macroelement3d\macroelement3d\x64\debug\transientintegrator.obj
c:\users\vanin\documents\github\opensees\developer\element\cpp\macroelement3d\macroelement3d\x64\debug\uniaxialmaterial.obj
c:\users\vanin\documents\github\opensees\developer\element\cpp\macroelement3d\macroelement3d\x64\debug\vector.obj
c:\users\vanin\documents\github\opensees\developer\element\cpp\macroelement3d\macroelement3d\x64\debug\vertex.obj
c:\users\vanin\documents\github\opensees\developer\element\cpp\macroelement3d\macroelement3d\x64\debug\vertexiter.obj
c:\users\vanin\documents\github\opensees\developer\element\cpp\macroelement3d\macroelement3d\x64\debug\win32functions.obj
c:\users\vanin\documents\github\opensees\developer\element\cpp\macroelement3d\macroelement3d\x64\debug\cohesivesurface.obj
c:\users\vanin\documents\github\opensees\developer\element\cpp\macroelement3d\macroelement3d\x64\debug\damageshearinterface.obj
c:\users\vanin\documents\github\opensees\developer\element\cpp\macroelement3d\macroelement3d\x64\debug\gambarottalagomarsinomodel.obj
c:\users\vanin\documents\github\opensees\developer\element\cpp\macroelement3d\macroelement3d\x64\debug\notensionsection3d.obj
c:\users\vanin\documents\github\opensees\developer\element\cpp\macroelement3d\macroelement3d\x64\debug\wrappedmaterial.obj
c:\users\vanin\documents\github\opensees\developer\element\cpp\macroelement3d\macroelement3d\x64\debug\node.obj
c:\users\vanin\documents\github\opensees\developer\element\cpp\macroelement3d\macroelement3d\x64\debug\objectbroker.obj
c:\users\vanin\documents\github\opensees\developer\element\cpp\macroelement3d\macroelement3d\x64\debug\ops_stream.obj
c:\users\vanin\documents\github\opensees\developer\element\cpp\macroelement3d\macroelement3d\x64\debug\parameter.obj
c:\users\vanin\documents\github\opensees\developer\element\cpp\macroelement3d\macroelement3d\x64\debug\planestrainmaterial.obj
c:\users\vanin\documents\github\opensees\developer\element\cpp\macroelement3d\macroelement3d\x64\debug\planestressmaterial.obj
c:\users\vanin\documents\github\opensees\developer\element\cpp\macroelement3d\macroelement3d\x64\debug\platefibermaterial.obj
c:\users\vanin\documents\github\opensees\developer\element\cpp\macroelement3d\macroelement3d\x64\debug\pressure_constraint.obj
c:\users\vanin\documents\github\opensees\developer\element\cpp\macroelement3d\macroelement3d\x64\debug\recorder.obj
c:\users\vanin\documents\github\opensees\developer\element\cpp\macroelement3d\macroelement3d\x64\debug\renderer.obj
c:\users\vanin\documents\github\opensees\developer\element\cpp\macroelement3d\macroelement3d\x64\debug\response.obj
c:\users\vanin\documents\github\opensees\developer\element\cpp\macroelement3d\macroelement3d\x64\debug\sectionforcedeformation.obj
c:\users\vanin\documents\github\opensees\developer\element\cpp\macroelement3d\macroelement3d\x64\debug\simulationinformation.obj
c:\users\vanin\documents\github\opensees\developer\element\cpp\macroelement3d\macroelement3d\x64\debug\singledomallsp_iter.obj
c:\users\vanin\documents\github\opensees\developer\element\cpp\macroelement3d\macroelement3d\x64\debug\singledomeleiter.obj
c:\users\vanin\documents\github\opensees\developer\element\cpp\macroelement3d\macroelement3d\x64\debug\singledommp_iter.obj
c:\users\vanin\documents\github\opensees\developer\element\cpp\macroelement3d\macroelement3d\x64\debug\singledomnoditer.obj
c:\users\vanin\documents\github\opensees\developer\element\cpp\macroelement3d\macroelement3d\x64\debug\singledomparamiter.obj
c:\users\vanin\documents\github\opensees\developer\element\cpp\macroelement3d\macroelement3d\x64\debug\singledompc_iter.obj
c:\users\vanin\documents\github\opensees\developer\element\cpp\macroelement3d\macroelement3d\x64\debug\singledomsp_iter.obj
c:\users\vanin\documents\github\opensees\developer\element\cpp\macroelement3d\macroelement3d\x64\debug\id.obj
c:\users\vanin\documents\github\opensees\developer\element\cpp\macroelement3d\macroelement3d\x64\debug\incrementalintegrator.obj
c:\users\vanin\documents\github\opensees\developer\element\cpp\macroelement3d\macroelement3d\x64\debug\information.obj
c:\users\vanin\documents\github\opensees\developer\element\cpp\macroelement3d\macroelement3d\x64\debug\integrator.obj
c:\users\vanin\documents\github\opensees\developer\element\cpp\macroelement3d\macroelement3d\x64\debug\linearsoe.obj
c:\users\vanin\documents\github\opensees\developer\element\cpp\macroelement3d\macroelement3d\x64\debug\linearsoesolver.obj
c:\users\vanin\documents\github\opensees\developer\element\cpp\macroelement3d\macroelement3d\x64\debug\load.obj
c:\users\vanin\documents\github\opensees\developer\element\cpp\macroelement3d\macroelement3d\x64\debug\loadpatterniter.obj
c:\users\vanin\documents\github\opensees\developer\element\cpp\macroelement3d\macroelement3d\x64\debug\mapoftaggedobjects.obj
c:\users\vanin\documents\github\opensees\developer\element\cpp\macroelement3d\macroelement3d\x64\debug\mapoftaggedobjectsiter.obj
c:\users\vanin\documents\github\opensees\developer\element\cpp\macroelement3d\macroelement3d\x64\debug\material.obj
c:\users\vanin\documents\github\opensees\developer\element\cpp\macroelement3d\macroelement3d\x64\debug\materialresponse.obj
c:\users\vanin\documents\github\opensees\developer\element\cpp\macroelement3d\macroelement3d\x64\debug\matrix.obj
c:\users\vanin\documents\github\opensees\developer\element\cpp\macroelement3d\macroelement3d\x64\debug\matrixutil.obj
c:\users\vanin\documents\github\opensees\developer\element\cpp\macroelement3d\macroelement3d\x64\debug\message.obj
c:\users\vanin\documents\github\opensees\developer\element\cpp\macroelement3d\macroelement3d\x64\debug\movableobject.obj
c:\users\vanin\documents\github\opensees\developer\element\cpp\macroelement3d\macroelement3d\x64\debug\mp_constraint.obj
c:\users\vanin\documents\github\opensees\developer\element\cpp\macroelement3d\macroelement3d\x64\debug\ndmaterial.obj
c:\users\vanin\documents\github\opensees\developer\element\cpp\macroelement3d\macroelement3d\x64\debug\nodalload.obj
c:\users\vanin\documents\github\opensees\developer\element\cpp\macroelement3d\macroelement3d\x64\debug\nodalloaditer.obj
c:\users\vanin\documents\github\opensees\developer\element\cpp\macroelement3d\macroelement3d\x64\debug\dof_grpiter.obj
c:\users\vanin\documents\github\opensees\developer\element\cpp\macroelement3d\macroelement3d\x64\debug\domain.obj
c:\users\vanin\documents\github\opensees\developer\element\cpp\macroelement3d\macroelement3d\x64\debug\domaincomponent.obj
c:\users\vanin\documents\github\opensees\developer\element\cpp\macroelement3d\macroelement3d\x64\debug\dummystream.obj
c:\users\vanin\documents\github\opensees\developer\element\cpp\macroelement3d\macroelement3d\x64\debug\eigensoe.obj
c:\users\vanin\documents\github\opensees\developer\element\cpp\macroelement3d\macroelement3d\x64\debug\eigensolver.obj
c:\users\vanin\documents\github\opensees\developer\element\cpp\macroelement3d\macroelement3d\x64\debug\element.obj
c:\users\vanin\documents\github\opensees\developer\element\cpp\macroelement3d\macroelement3d\x64\debug\elementalload.obj
c:\users\vanin\documents\github\opensees\developer\element\cpp\macroelement3d\macroelement3d\x64\debug\elementalloaditer.obj
c:\users\vanin\documents\github\opensees\developer\element\cpp\macroelement3d\macroelement3d\x64\debug\elementresponse.obj
c:\users\vanin\documents\github\opensees\developer\element\cpp\macroelement3d\macroelement3d\x64\debug\fem_objectbroker.obj
c:\users\vanin\documents\github\opensees\developer\element\cpp\macroelement3d\macroelement3d\x64\debug\fe_datastore.obj
c:\users\vanin\documents\github\opensees\developer\element\cpp\macroelement3d\macroelement3d\x64\debug\fe_eleiter.obj
c:\users\vanin\documents\github\opensees\developer\element\cpp\macroelement3d\macroelement3d\x64\debug\fe_element.obj
c:\users\vanin\documents\github\opensees\developer\element\cpp\macroelement3d\macroelement3d\x64\debug\fiberresponse.obj
c:\users\vanin\documents\github\opensees\developer\element\cpp\macroelement3d\macroelement3d\x64\debug\file.obj
c:\users\vanin\documents\github\opensees\developer\element\cpp\macroelement3d\macroelement3d\x64\debug\fileiter.obj
c:\users\vanin\documents\github\opensees\developer\element\cpp\macroelement3d\macroelement3d\x64\debug\frictionmodel.obj
c:\users\vanin\documents\github\opensees\developer\element\cpp\macroelement3d\macroelement3d\x64\debug\frictionresponse.obj
c:\users\vanin\documents\github\opensees\developer\element\cpp\macroelement3d\macroelement3d\x64\debug\graph.obj
c:\users\vanin\documents\github\opensees\developer\element\cpp\macroelement3d\macroelement3d\x64\debug\analysis.obj
c:\users\vanin\documents\github\opensees\developer\element\cpp\macroelement3d\macroelement3d\x64\debug\analysismodel.obj
c:\users\vanin\documents\github\opensees\developer\element\cpp\macroelement3d\macroelement3d\x64\debug\arrayoftaggedobjects.obj
c:\users\vanin\documents\github\opensees\developer\element\cpp\macroelement3d\macroelement3d\x64\debug\arrayoftaggedobjectsiter.obj
c:\users\vanin\documents\github\opensees\developer\element\cpp\macroelement3d\macroelement3d\x64\debug\beamfibermaterial.obj
c:\users\vanin\documents\github\opensees\developer\element\cpp\macroelement3d\macroelement3d\x64\debug\beamfibermaterial2d.obj
c:\users\vanin\documents\github\opensees\developer\element\cpp\macroelement3d\macroelement3d\x64\debug\binaryfilestream.obj
c:\users\vanin\documents\github\opensees\developer\element\cpp\macroelement3d\macroelement3d\x64\debug\channel.obj
c:\users\vanin\documents\github\opensees\developer\element\cpp\macroelement3d\macroelement3d\x64\debug\compositeresponse.obj
c:\users\vanin\documents\github\opensees\developer\element\cpp\macroelement3d\macroelement3d\x64\debug\constrainthandler.obj
c:\users\vanin\documents\github\opensees\developer\element\cpp\macroelement3d\macroelement3d\x64\debug\datafilestream.obj
c:\users\vanin\documents\github\opensees\developer\element\cpp\macroelement3d\macroelement3d\x64\debug\dof_group.obj
c:\users\vanin\documents\github\opensees\developer\element\cpp\macroelement3d\macroelement3d\x64\debug\macroelement3d.obj
c:\develop\opensees\developer\element\cpp\macroelement3d\macroelement3d\x64\debug\vc142.pdb
c:\develop\opensees\developer\element\cpp\macroelement3d\macroelement3d\x64\debug\vc142.idb
c:\develop\opensees\developer\element\cpp\macroelement3d\macroelement3d\x64\debug\elementalload.obj
c:\develop\opensees\developer\element\cpp\macroelement3d\macroelement3d\x64\debug\element.obj
c:\develop\opensees\developer\element\cpp\macroelement3d\macroelement3d\x64\debug\eigensolver.obj
c:\develop\opensees\developer\element\cpp\macroelement3d\macroelement3d\x64\debug\dummystream.obj
c:\develop\opensees\developer\element\cpp\macroelement3d\macroelement3d\x64\debug\domaincomponent.obj
c:\develop\opensees\developer\element\cpp\macroelement3d\macroelement3d\x64\debug\dof_grpiter.obj
c:\develop\opensees\developer\element\cpp\macroelement3d\macroelement3d\x64\debug\dof_group.obj
c:\develop\opensees\developer\element\cpp\macroelement3d\macroelement3d\x64\debug\datafilestream.obj
c:\develop\opensees\developer\element\cpp\macroelement3d\macroelement3d\x64\debug\constrainthandler.obj
c:\develop\opensees\developer\element\cpp\macroelement3d\macroelement3d\x64\debug\channel.obj
c:\develop\opensees\developer\element\cpp\macroelement3d\macroelement3d\x64\debug\binaryfilestream.obj
c:\develop\opensees\developer\element\cpp\macroelement3d\macroelement3d\x64\debug\beamfibermaterial2d.obj
c:\develop\opensees\developer\element\cpp\macroelement3d\macroelement3d\x64\debug\beamfibermaterial.obj
c:\develop\opensees\developer\element\cpp\macroelement3d\macroelement3d\x64\debug\arrayoftaggedobjectsiter.obj
c:\develop\opensees\developer\element\cpp\macroelement3d\macroelement3d\x64\debug\arrayoftaggedobjects.obj
c:\develop\opensees\developer\element\cpp\macroelement3d\macroelement3d\x64\debug\analysismodel.obj
c:\develop\opensees\developer\element\cpp\macroelement3d\macroelement3d\x64\debug\analysis.obj
c:\develop\opensees\developer\element\cpp\macroelement3d\macroelement3d\x64\debug\loadpatterniter.obj
c:\develop\opensees\developer\element\cpp\macroelement3d\macroelement3d\x64\debug\load.obj
c:\develop\opensees\developer\element\cpp\macroelement3d\macroelement3d\x64\debug\linearsoesolver.obj
c:\develop\opensees\developer\element\cpp\macroelement3d\macroelement3d\x64\debug\linearsoe.obj
c:\develop\opensees\developer\element\cpp\macroelement3d\macroelement3d\x64\debug\integrator.obj
c:\develop\opensees\developer\element\cpp\macroelement3d\macroelement3d\x64\debug\information.obj
c:\develop\opensees\developer\element\cpp\macroelement3d\macroelement3d\x64\debug\id.obj
c:\develop\opensees\developer\element\cpp\macroelement3d\macroelement3d\x64\debug\graph.obj
c:\develop\opensees\developer\element\cpp\macroelement3d\macroelement3d\x64\debug\frictionresponse.obj
c:\develop\opensees\developer\element\cpp\macroelement3d\macroelement3d\x64\debug\frictionmodel.obj
c:\develop\opensees\developer\element\cpp\macroelement3d\macroelement3d\x64\debug\fileiter.obj
c:\develop\opensees\developer\element\cpp\macroelement3d\macroelement3d\x64\debug\file.obj
c:\develop\opensees\developer\element\cpp\macroelement3d\macroelement3d\x64\debug\fiberresponse.obj
c:\develop\opensees\developer\element\cpp\macroelement3d\macroelement3d\x64\debug\fe_element.obj
c:\develop\opensees\developer\element\cpp\macroelement3d\macroelement3d\x64\debug\fe_eleiter.obj
c:\develop\opensees\developer\element\cpp\macroelement3d\macroelement3d\x64\debug\fe_datastore.obj
c:\develop\opensees\developer\element\cpp\macroelement3d\macroelement3d\x64\debug\fem_objectbroker.obj
c:\develop\opensees\developer\element\cpp\macroelement3d\macroelement3d\x64\debug\elementresponse.obj
c:\develop\opensees\developer\element\cpp\macroelement3d\macroelement3d\x64\debug\elementalloaditer.obj
c:\develop\opensees\developer\element\cpp\macroelement3d\macroelement3d\x64\debug\pressure_constraint.obj
c:\develop\opensees\developer\element\cpp\macroelement3d\macroelement3d\x64\debug\platefibermaterial.obj
c:\develop\opensees\developer\element\cpp\macroelement3d\macroelement3d\x64\debug\planestressmaterial.obj
c:\develop\opensees\developer\element\cpp\macroelement3d\macroelement3d\x64\debug\planestrainmaterial.obj
c:\develop\opensees\developer\element\cpp\macroelement3d\macroelement3d\x64\debug\parameter.obj
c:\develop\opensees\developer\element\cpp\macroelement3d\macroelement3d\x64\debug\ops_stream.obj
c:\develop\opensees\developer\element\cpp\macroelement3d\macroelement3d\x64\debug\objectbroker.obj
c:\develop\opensees\developer\element\cpp\macroelement3d\macroelement3d\x64\debug\node.obj
c:\develop\opensees\developer\element\cpp\macroelement3d\macroelement3d\x64\debug\nodalloaditer.obj
c:\develop\opensees\developer\element\cpp\macroelement3d\macroelement3d\x64\debug\nodalload.obj
c:\develop\opensees\developer\element\cpp\macroelement3d\macroelement3d\x64\debug\ndmaterial.obj
c:\develop\opensees\developer\element\cpp\macroelement3d\macroelement3d\x64\debug\mp_constraint.obj
c:\develop\opensees\developer\element\cpp\macroelement3d\macroelement3d\x64\debug\movableobject.obj
c:\develop\opensees\developer\element\cpp\macroelement3d\macroelement3d\x64\debug\message.obj
c:\develop\opensees\developer\element\cpp\macroelement3d\macroelement3d\x64\debug\matrix.obj
c:\develop\opensees\developer\element\cpp\macroelement3d\macroelement3d\x64\debug\materialresponse.obj
c:\develop\opensees\developer\element\cpp\macroelement3d\macroelement3d\x64\debug\material.obj
c:\develop\opensees\developer\element\cpp\macroelement3d\macroelement3d\x64\debug\mapoftaggedobjectsiter.obj
c:\develop\opensees\developer\element\cpp\macroelement3d\macroelement3d\x64\debug\mapoftaggedobjects.obj
c:\develop\opensees\developer\element\cpp\macroelement3d\macroelement3d\x64\debug\taggedobject.obj
c:\develop\opensees\developer\element\cpp\macroelement3d\macroelement3d\x64\debug\subdomainnoditer.obj
c:\develop\opensees\developer\element\cpp\macroelement3d\macroelement3d\x64\debug\subdomain.obj
c:\develop\opensees\developer\element\cpp\macroelement3d\macroelement3d\x64\debug\stringcontainer.obj
c:\develop\opensees\developer\element\cpp\macroelement3d\macroelement3d\x64\debug\staticintegrator.obj
c:\develop\opensees\developer\element\cpp\macroelement3d\macroelement3d\x64\debug\standardstream.obj
c:\develop\opensees\developer\element\cpp\macroelement3d\macroelement3d\x64\debug\sp_constraint.obj
c:\develop\opensees\developer\element\cpp\macroelement3d\macroelement3d\x64\debug\solutionalgorithm.obj
c:\develop\opensees\developer\element\cpp\macroelement3d\macroelement3d\x64\debug\singledomsp_iter.obj
c:\develop\opensees\developer\element\cpp\macroelement3d\macroelement3d\x64\debug\singledompc_iter.obj
c:\develop\opensees\developer\element\cpp\macroelement3d\macroelement3d\x64\debug\singledomparamiter.obj
c:\develop\opensees\developer\element\cpp\macroelement3d\macroelement3d\x64\debug\singledomnoditer.obj
c:\develop\opensees\developer\element\cpp\macroelement3d\macroelement3d\x64\debug\singledommp_iter.obj
c:\develop\opensees\developer\element\cpp\macroelement3d\macroelement3d\x64\debug\singledomeleiter.obj
c:\develop\opensees\developer\element\cpp\macroelement3d\macroelement3d\x64\debug\singledomallsp_iter.obj
c:\develop\opensees\developer\element\cpp\macroelement3d\macroelement3d\x64\debug\simulationinformation.obj
c:\develop\opensees\developer\element\cpp\macroelement3d\macroelement3d\x64\debug\response.obj
c:\develop\opensees\developer\element\cpp\macroelement3d\macroelement3d\x64\debug\renderer.obj
c:\develop\opensees\developer\element\cpp\macroelement3d\macroelement3d\x64\debug\recorder.obj
c:\develop\opensees\developer\element\cpp\macroelement3d\macroelement3d\x64\debug\wrappedmaterial.obj
c:\develop\opensees\developer\element\cpp\macroelement3d\macroelement3d\x64\debug\gambarottalagomarsinomodel.obj
c:\develop\opensees\developer\element\cpp\macroelement3d\macroelement3d\x64\debug\damageshearinterface.obj
c:\develop\opensees\developer\element\cpp\macroelement3d\macroelement3d\x64\debug\cohesivesurface.obj
c:\develop\opensees\developer\element\cpp\macroelement3d\macroelement3d\x64\debug\win32functions.obj
c:\develop\opensees\developer\element\cpp\macroelement3d\macroelement3d\x64\debug\vertexiter.obj
c:\develop\opensees\developer\element\cpp\macroelement3d\macroelement3d\x64\debug\vertex.obj
c:\develop\opensees\developer\element\cpp\macroelement3d\macroelement3d\x64\debug\vector.obj
c:\develop\opensees\developer\element\cpp\macroelement3d\macroelement3d\x64\debug\uniaxialmaterial.obj
c:\develop\opensees\developer\element\cpp\macroelement3d\macroelement3d\x64\debug\transientintegrator.obj
c:\develop\opensees\developer\element\cpp\macroelement3d\macroelement3d\x64\debug\compositeresponse.obj
c:\develop\opensees\developer\element\cpp\macroelement3d\macroelement3d\x64\debug\sectionforcedeformation.obj
c:\develop\opensees\developer\element\cpp\macroelement3d\macroelement3d\x64\debug\domain.obj
c:\develop\opensees\developer\element\cpp\macroelement3d\macroelement3d\x64\debug\notensionsection3d.obj
c:\develop\opensees\developer\element\cpp\macroelement3d\macroelement3d\x64\debug\matrixutil.obj
c:\develop\opensees\developer\element\cpp\macroelement3d\macroelement3d\x64\debug\incrementalintegrator.obj
c:\develop\opensees\developer\element\cpp\macroelement3d\macroelement3d\x64\debug\eigensoe.obj
c:\develop\opensees\developer\element\cpp\macroelement3d\macroelement3d\x64\debug\macroelement3d.obj
c:\users\vanin\documents\github\opensees\developer\element\cpp\macroelement3d\x64\debug\macroelement3d.dll
c:\users\vanin\documents\github\opensees\developer\element\cpp\macroelement3d\x64\debug\macroelement3d.ilk
c:\users\vanin\documents\github\opensees\developer\element\cpp\macroelement3d\x64\debug\macroelement3d.pdb
c:\users\vanin\documents\github\opensees\developer\element\cpp\macroelement3d\x64\debug\macroelement3d.lib
c:\users\vanin\documents\github\opensees\developer\element\cpp\macroelement3d\x64\debug\macroelement3d.exp
c:\develop\opensees\developer\element\cpp\macroelement3d\macroelement3d\x64\debug\vc141.idb
c:\develop\opensees\developer\element\cpp\macroelement3d\x64\debug\macroelement3d.pdb
c:\develop\opensees\developer\element\cpp\macroelement3d\macroelement3d\x64\debug\macroelement3d.tlog\cl.command.1.tlog
c:\develop\opensees\developer\element\cpp\macroelement3d\macroelement3d\x64\debug\macroelement3d.tlog\cl.read.1.tlog
c:\develop\opensees\developer\element\cpp\macroelement3d\macroelement3d\x64\debug\macroelement3d.tlog\cl.write.1.tlog
c:\develop\opensees\developer\element\cpp\macroelement3d\macroelement3d\x64\debug\macroelement3d.tlog\link-cvtres.read.1.tlog
c:\develop\opensees\developer\element\cpp\macroelement3d\macroelement3d\x64\debug\macroelement3d.tlog\link-cvtres.write.1.tlog
c:\develop\opensees\developer\element\cpp\macroelement3d\macroelement3d\x64\debug\macroelement3d.tlog\link-rc.read.1.tlog
c:\develop\opensees\developer\element\cpp\macroelement3d\macroelement3d\x64\debug\macroelement3d.tlog\link-rc.write.1.tlog
c:\develop\opensees\developer\element\cpp\macroelement3d\macroelement3d\x64\debug\macroelement3d.tlog\link.12952.delete.1.tlog
c:\develop\opensees\developer\element\cpp\macroelement3d\macroelement3d\x64\debug\macroelement3d.tlog\link.command.1.tlog
c:\develop\opensees\developer\element\cpp\macroelement3d\macroelement3d\x64\debug\macroelement3d.tlog\link.read.1.tlog
c:\develop\opensees\developer\element\cpp\macroelement3d\macroelement3d\x64\debug\macroelement3d.tlog\link.write.1.tlog
c:\develop\opensees\developer\element\cpp\macroelement3d\macroelement3d\x64\debug\macroelement3d.tlog\macroelement3d.write.1u.tlog
